-------------------------------------------------------------------------------
Test set: com.verification.logical.PMDVerification
-------------------------------------------------------------------------------
Tests run: 1, Failures: 1, Errors: 0, Skipped: 0, Time elapsed: 2.536 s <<< FAILURE! - in com.verification.logical.PMDVerification
analyseCode  Time elapsed: 2.534 s  <<< FAILURE!
org.opentest4j.AssertionFailedError: 4 files contain violation(s)! File Name: UserDataAPI.java - UnusedPrivateField : Avoid unused private fields such as 'userDataService'. | File Name: UserDataServiceImpl.java - UnusedPrivateField : Avoid unused private fields such as 'userDataRepository'. | File Name: UserDataApplicationTests.java - UnusedPrivateField : Avoid unused private fields such as 'userDataRepository'. - UnusedPrivateField : Avoid unused private fields such as 'userDataService'. | File Name: LoggingAspect.java - UnusedPrivateField : Avoid unused private fields such as 'LOGGER'. | ==> expected: <true> but was: <false>
	at com.verification.logical.PMDVerification.analyseCode(PMDVerification.java:55)

